<?xml version="1.0" encoding="UTF-8"?>
<!-- Generated by org.testng.reporters.JUnitReportReporter -->
<testsuite hostname="LENOVO" failures="0" tests="1" name="packageTest1.Tysstest1" time="0.038" errors="0" timestamp="2022-07-19T11:34:21 IST" skipped="0">
  <testcase classname="packageTest1.Tysstest1" name="TestMavenTest" time="0.038"/>
  <system-out/>
</testsuite> <!-- packageTest1.Tysstest1 -->
