<?xml version="1.0" encoding="UTF-8"?>
<!-- Generated by org.testng.reporters.JUnitReportReporter -->
<testsuite hostname="LENOVO" failures="0" tests="2" name="packageTest1.Mavent2Test" time="0.027" errors="0" timestamp="2022-07-18T15:55:23 IST" skipped="0">
  <testcase classname="packageTest1.Mavent2Test" name="testmaven" time="0.004"/>
  <system-out/>
  <testcase classname="packageTest1.Mavent2Test" name="test" time="0.023"/>
  <system-out/>
</testsuite> <!-- packageTest1.Mavent2Test -->
